[2025-11-14 15:46:22][ADMIN]: All logs cleared by user: jmsamante13@gmail.com
[2025-11-14 15:52:54][INFO]: Issued book: Twisted Games to student: Jelliane Manatad Galia
[2025-11-14 15:54:32][INFO]: Issued book: Twisted Games to student: Kai  Seonbaenim
[2025-11-14 16:30:34][INFO]: Book 'Twisted Games' (ID: 61) updated by admin.
[2025-11-15 13:50:40][INFO]: Successful login attempt for email: jmsamante13@gmail.com
[2025-11-15 14:19:34][INFO]: Password changed successfully for student ID: 2510075-1
[2025-11-15 14:22:28][INFO]: Profile updated for student ID: 2510075-1
[2025-11-15 14:39:53][INFO]: Book returned: 'Twisted Games' by Kai Seonbaenim (ID: 2510002-1), Fine: ₱0
[2025-11-15 14:47:12][INFO]: Successful login attempt for email: jmsamante13@gmail.com
[2025-11-15 14:56:39][INFO]: Student information updated: Jelliane Galia, Course: BS in Information Technology, Specialization: Programming
[2025-11-15 15:00:57][INFO]: Student activated: 2510003-2 by admin jmsamante13@gmail.com
[2025-11-15 15:17:47][INFO]: Blocked student: Johnny  Doerrr (2310001-1)
[2025-11-15 15:18:53][INFO]: Unblocked student: Johnny  Doerrr (2310001-1)
[2025-11-15 16:50:16][INFO]: Book returned. Issued ID: 47 | Fine: ₱0
[2025-11-15 16:50:51][INFO]: Book returned. Issued ID: 46 | Fine: ₱0
[2025-11-16 12:27:31][INFO]: Successful login attempt for email: jmsamante13@gmail.com
[2025-11-16 14:13:23][INFO]: Successful login attempt for email: jmsamante13@gmail.com
[2025-11-16 14:26:15][INFO]: Blocked student: Seo Jeongwoo Woo (2510003-2)
[2025-11-16 14:26:28][INFO]: Unblocked student: Seo Jeongwoo Woo (2510003-2)
[2025-11-16 14:33:16][INFO]: Blocked student: Seo Jeongwoo Woo (2510003-2)
[2025-11-16 14:33:26][INFO]: Unblocked student: Seo Jeongwoo Woo (2510003-2)
[2025-11-16 14:50:42][INFO]: Failed login attempt for email: jmsamante13@gmail.com: Invalid credentials.
[2025-11-16 14:50:45][INFO]: Successful login attempt for email: jmsamante13@gmail.com
[2025-11-16 15:08:59][INFO]: Successful login attempt for email: jeongwoo@gmail.com
[2025-11-16 15:20:51][INFO]: Admin session cleared on login page load.
[2025-11-16 15:21:02][INFO]: Successful login attempt for email: jmsamante13@gmail.com
[2025-11-16 15:24:29][INFO]: Admin session cleared on login page load.
[2025-11-16 15:25:56][INFO]: Successful login attempt for email: jmsamante13@gmail.com
[2025-11-16 15:29:17][INFO]: Successful login attempt for email: jmsamante13@gmail.com
[2025-11-17 10:41:20][INFO]: Failed login attempt for email: jmsamante13@gmail.com: Invalid credentials.
[2025-11-17 10:41:22][INFO]: Successful login attempt for email: jmsamante13@gmail.com
[2025-11-17 10:47:35][INFO]: Email error: Email already exists. Please use a different one.
[2025-11-17 10:47:56][INFO]: New student registration (pending approval): Gerald Montederamos, ID: 2510004-1, Course: Bachelor of Elementary Education, Year: 4th Year
[2025-11-17 12:15:09][INFO]: Unblocked student: Gerald Montajes Montederamos (2510004-1)
[2025-11-17 12:35:56][INFO]: Student deleted: 2510004-1
[2025-11-17 12:52:47][INFO]: Book added: [The Zee Brothers : Zombie Exterminators B&W Edition] | ISBN: 9781626760073 | Category: Science Fiction
[2025-11-17 12:53:06][INFO]: Book added: [Echoes of the Haunting Entities] | ISBN: 9781234567897 | Category: Fantasy
[2025-11-17 12:53:31][INFO]: Book added: [Discovering Wounded Justice] | ISBN: 9780980454819 | Category: Mystery/Thriller
[2025-11-17 12:56:29][INFO]: Book added: [Periwinkle Smith and the Big Pink Spot] | ISBN: 9781955947046 | Category: Fiction
[2025-11-17 12:58:08][INFO]: Book added: [To be Boss on Your Own] | ISBN: 9788493630881 | Category: General Works
[2025-11-17 13:16:34][INFO]: Book added: [Windmills and Wishes] | ISBN: 9781645702238 | Category: General Works
[2025-11-17 13:16:57][INFO]: Book added: [The Adventures of Chee and Dae in Ishcra Bochra] | ISBN: 9781782808084 | Category: Fiction
[2025-11-17 13:17:11][INFO]: Book added: [Seismic interferometry] | ISBN: 9780521871242 | Category: General Works
[2025-11-17 13:17:26][INFO]: Book added: [Safety Evaluation of Profiled Thermoplastic Pavement Markings /] | ISBN: 9781723456787 | Category: General Works
[2025-11-17 13:17:51][INFO]: Book added: [Golf's Yellow Page Directory (2000 Edition)] | ISBN: 9780967692906 | Category: General Works
[2025-11-18 15:49:13][INFO]: Failed login attempt for email: jmsamante13@gmail.com: Invalid credentials.
[2025-11-18 15:49:15][INFO]: Successful login attempt for email: jmsamante13@gmail.com
[2025-11-18 15:50:03][INFO]: Book deleted.
[2025-11-18 19:29:04][INFO]: Failed login attempt for email: jmsamante13@gmail.com: Invalid credentials.
[2025-11-18 19:29:09][INFO]: Failed login attempt for email: jmsamante13@gmail.d: Invalid credentials.
[2025-11-18 19:29:13][INFO]: Failed login attempt for email: jmsamante13@gmail.com: Invalid credentials.
[2025-11-18 19:29:15][INFO]: Failed login attempt for email: jmsamante13@gmail.com: Invalid credentials.
[2025-11-18 19:29:15][INFO]: Failed login attempt for email: jmsamante13@gmail.com: Invalid credentials.
[2025-11-18 19:29:15][INFO]: Failed login attempt for email: jmsamante13@gmail.com: Invalid credentials.
[2025-11-18 19:29:27][INFO]: Failed login attempt for email: jmsamante13@gmail.com: Invalid credentials.
[2025-11-18 19:29:28][INFO]: Failed login attempt for email: jmsamante13@gmail.com: Invalid credentials.
[2025-11-18 19:29:28][INFO]: Failed login attempt for email: jmsamante13@gmail.com: Invalid credentials.
[2025-11-18 19:29:28][INFO]: Failed login attempt for email: jmsamante13@gmail.com: Invalid credentials.
[2025-11-18 19:29:28][INFO]: Failed login attempt for email: jmsamante13@gmail.com: Invalid credentials.
[2025-11-18 19:29:32][INFO]: Failed login attempt for email: jmsamante13@gmail.com: Invalid credentials.
[2025-11-18 19:29:48][INFO]: Successful login attempt for email: jmsamante13@gmail.com
[2025-11-18 19:41:57][INFO]: Student added: John Vincent Ausa, Course: BS in Computer Engineering, Year: 1st Year
[2025-11-18 19:49:57][INFO]: Successful login attempt for email: han@gmail.com
[2025-11-18 19:57:35][INFO]: Issued book: Twisted Games to student: Kai  Seonbaenim
[2025-11-18 20:00:57][INFO]: Issued book: Twisted Games to student: Kai  Seonbaenim
[2025-11-19 11:20:32][INFO]: Failed login attempt for email: jmsamante13@gmail.com: Invalid credentials.
[2025-11-19 11:20:34][INFO]: Successful login attempt for email: jmsamante13@gmail.com
[2025-11-19 11:25:10][INFO]: Successful login attempt for email: jmsamante13@gmail.com
[2025-11-19 11:26:56][INFO]: Book added: [Twisted Hate - Special Edition] | ISBN: 9781735056692 | Category: Romance
[2025-11-19 11:29:04][INFO]: Issued book: Twisted Hate - Special Edition to student: Kai  Seonbaenim
[2025-11-19 11:31:29][INFO]: Book added: [Twisted Love; Horizons] | ISBN: 9798227388261 | Category: Fiction
[2025-11-19 11:33:45][INFO]: Issued book: Twisted Love; Horizons to student: Kai  Seonbaenim
[2025-11-19 11:41:51][INFO]: Student added: Vince Maunes, Course: Bachelor of Elementary Education, Year: 4th Year
[2025-11-19 13:38:23][INFO]: Successful login attempt for email: jmsamante13@gmail.com
[2025-11-19 13:53:47][INFO]: Book added: [Jade and Casas] | ISBN: 6969696969 | Category: Fiction
[2025-11-19 14:00:49][INFO]: Failed login attempt for email: jmsamante13@gmail.com: Invalid credentials.
[2025-11-19 14:00:52][INFO]: Successful login attempt for email: jmsamante13@gmail.com
[2025-11-19 14:01:14][INFO]: Failed login attempt for email: jmsamante13@gmail.com: Invalid credentials.
[2025-11-19 14:01:16][INFO]: Successful login attempt for email: jmsamante13@gmail.com
[2025-11-19 14:02:16][INFO]: Book deleted.
[2025-11-19 14:08:13][INFO]: Admin session cleared on login page load.
[2025-11-19 14:08:27][INFO]: Successful login attempt for email: jmsamante13@gmail.com
[2025-11-19 14:18:48][INFO]: Issued book: Dune: Deluxe Edition to student: Kai  Seonbaenim
[2025-11-19 14:23:52][INFO]: Book added: [hello] | ISBN: 6969696969 | Category: Fiction
[2025-11-19 14:24:19][INFO]: Book 'The Life of Jade Artigo' (ID: 75) updated by admin.
[2025-11-19 14:25:10][INFO]: Issued book: The Life of Jade Artigo to student: Kai  Seonbaenim
[2025-11-19 14:44:15][INFO]: Book deleted.
[2025-11-19 14:44:26][INFO]: Book deleted.
[2025-11-19 14:44:30][INFO]: Book deleted.
[2025-11-19 14:44:38][INFO]: Book deleted.
[2025-11-19 15:14:19][INFO]: Book added: [sda] | ISBN: 9780439023528 | Category: Fiction
[2025-11-19 15:22:04][INFO]: Book 'sda' (ID: 76) updated by admin.
[2025-11-19 15:26:24][INFO]: Book 'Twisted Love; Horizons' (ID: 73) updated by admin.
[2025-11-19 15:26:38][INFO]: Book 'The Life of Jade Artigo' (ID: 75) updated by admin.
[2025-11-19 15:26:47][INFO]: Book 'Dune: Deluxe Edition' (ID: 55) updated by admin.
[2025-11-19 15:27:35][INFO]: Book 'The Life of Jade Artigo' (ID: 75) updated by admin.
[2025-11-19 15:28:06][INFO]: Book returned. Issued ID: 54 | Fine: ₱0
[2025-11-19 15:30:38][INFO]: Issued book: The Life of Jade Artigo to student: Kai  Seonbaenim
[2025-11-19 15:33:49][INFO]: Failed login attempt for email: jksjdal@gmail.com: Invalid credentials.
[2025-11-19 15:44:56][INFO]: Successful login attempt for email: jmsamante13@gmail.com
[2025-11-19 15:45:01][INFO]: Admin session cleared on login page load.
[2025-11-19 15:45:16][INFO]: Failed login attempt for email: jmsamante13@gmail.com: Invalid email or password.
[2025-11-19 15:45:37][INFO]: Successful login attempt for email: jmsamante13@gmail.com
[2025-11-19 15:50:29][INFO]: Successful login attempt for email: jmsamante13@gmail.com
[2025-11-19 21:56:40][INFO]: Successful login attempt for email: jmsamante13@gmail.com
[2025-11-20 08:18:40][INFO]: Successful login attempt for email: jmsamante13@gmail.com
[2025-11-20 08:24:00][INFO]: Book added: [Don't make me think!] | ISBN: 9780321344755 | Category: Computer Science (000)
[2025-11-20 08:24:34][INFO]: Book added: [Aviophobia] | ISBN: 9780992809263 | Category: General Works
[2025-11-20 08:26:04][INFO]: Book added: [Harry Potter and the prisoner of Azkaban] | ISBN: 9780439136365 | Category: Fantasy
[2025-11-20 08:27:19][INFO]: Book added: [CITY MADNESS] | ISBN: 9781565924796 | Category: Science Fiction
[2025-11-20 08:28:08][INFO]: Issued book: CITY MADNESS to student: Vince Elijah Maunes
[2025-11-20 08:30:11][INFO]: Issued book: How To Self-Publish A Children's Book to student: Han  Parkour
[2025-11-20 08:31:16][INFO]: Issued book: How To Self-Publish A Children's Book to student: Han  Parkour
[2025-11-20 08:34:11][INFO]: Book deleted.
[2025-11-20 08:34:49][INFO]: Book added: [Twisted Games] | ISBN: 9781087886657 | Category: Mystery/Thriller
[2025-11-20 08:35:38][INFO]: Issued book: Twisted Games to student: Han  Parkour
[2025-11-20 08:38:16][INFO]: Book returned. Issued ID: 39 | Fine: ₱0
[2025-11-20 08:40:08][INFO]: Book deleted.
[2025-11-20 09:09:27][INFO]: Book added: [Twisted Games] | ISBN: 9781087886657 | Category: Mystery/Thriller
[2025-11-20 09:14:39][INFO]: Successful login attempt for email: jmsamante13@gmail.com
[2025-11-20 10:14:12][INFO]: Book added: [The Life of Marjun Hingpit] | ISBN: 1234567890 | Category: Religion (200)
[2025-11-20 10:14:45][INFO]: Issued book: The Life of Marjun Hingpit to student: Han  Parkour
[2026-05-02 13:19:32][INFO]: Successful login attempt for email: jmsamante13@gmail.com
[2026-05-02 13:29:13][INFO]: New student registration (pending approval): Kirby Quirante, ID: 2310028-2, Course: BS in Civil Engineering, Year: 2nd Year
[2026-05-02 13:30:01][INFO]: Successful login attempt for email: jmsamante13@gmail.com
[2026-05-02 13:30:30][INFO]: Unblocked student: Kirby  Quirante (2310028-2)
[2026-05-02 13:32:11][INFO]: Successful login attempt for email: jmsamante13@gmail.com
[2026-05-02 13:33:47][INFO]: Successful login attempt for email: jmsamante13@gmail.com
[2026-05-02 13:36:39][INFO]: Issued book: Dune to student: Kirby  Quirante
[2026-05-02 19:42:43][INFO]: Successful login attempt for email: jmsamante13@gmail.com
[2026-05-02 20:00:35][INFO]: Successful login attempt for email: jmsamante13@gmail.com
[2026-05-02 21:13:01][INFO]: Successful login attempt for email: jmsamante13@gmail.com
